INFO: 2014-12-14 14:54:22,235: Starting EmbedMotif
INFO: 2014-12-14 14:54:22,237: Arguments sucessfully parsed
INFO: 2014-12-14 14:54:22,237: Output FASTA file is sequences_k20_d2.fasta
INFO: 2014-12-14 14:54:22,237: Motif length is 20
INFO: 2014-12-14 14:54:22,237: Number of don't cares is 2
INFO: 2014-12-14 14:54:22,237: Number of sequences is 1000
INFO: 2014-12-14 14:54:22,237: Average sequence length is 250
INFO: 2014-12-14 14:54:22,237: Probability of nucleotide mutation is 0.2
INFO: 2014-12-14 14:54:22,237: Probability of A is 0.25
INFO: 2014-12-14 14:54:22,237: Probability of C is 0.25
INFO: 2014-12-14 14:54:22,237: Probability of G is 0.25
INFO: 2014-12-14 14:54:22,238: Probability of T is 0.25
INFO: 2014-12-14 14:54:22,345: Chosen motif is G*TTCATATTCGAA*CCTTC
INFO: 2014-12-14 14:54:22,346: Position of motif: 150
INFO: 2014-12-14 14:54:22,346: Position of motif: 242
INFO: 2014-12-14 14:54:22,346: Position of motif: 216
INFO: 2014-12-14 14:54:22,346: Position of motif: 130
INFO: 2014-12-14 14:54:22,346: Position of motif: 126
INFO: 2014-12-14 14:54:22,346: Position of motif: 58
INFO: 2014-12-14 14:54:22,346: Position of motif: 213
INFO: 2014-12-14 14:54:22,346: Position of motif: 122
INFO: 2014-12-14 14:54:22,346: Position of motif: 117
INFO: 2014-12-14 14:54:22,346: Position of motif: 208
INFO: 2014-12-14 14:54:22,346: Position of motif: 62
INFO: 2014-12-14 14:54:22,346: Position of motif: 71
INFO: 2014-12-14 14:54:22,347: Position of motif: 78
INFO: 2014-12-14 14:54:22,347: Position of motif: 132
INFO: 2014-12-14 14:54:22,347: Position of motif: 22
INFO: 2014-12-14 14:54:22,347: Position of motif: 26
INFO: 2014-12-14 14:54:22,347: Position of motif: 152
INFO: 2014-12-14 14:54:22,347: Position of motif: 138
INFO: 2014-12-14 14:54:22,347: Position of motif: 97
INFO: 2014-12-14 14:54:22,347: Position of motif: 201
INFO: 2014-12-14 14:54:22,347: Position of motif: 139
INFO: 2014-12-14 14:54:22,347: Position of motif: 183
INFO: 2014-12-14 14:54:22,347: Position of motif: 148
INFO: 2014-12-14 14:54:22,347: Position of motif: 128
INFO: 2014-12-14 14:54:22,347: Position of motif: 144
INFO: 2014-12-14 14:54:22,348: Position of motif: 38
INFO: 2014-12-14 14:54:22,348: Position of motif: 216
INFO: 2014-12-14 14:54:22,348: Position of motif: 18
INFO: 2014-12-14 14:54:22,348: Position of motif: 118
INFO: 2014-12-14 14:54:22,348: Position of motif: 7
INFO: 2014-12-14 14:54:22,348: Position of motif: 77
INFO: 2014-12-14 14:54:22,348: Position of motif: 11
INFO: 2014-12-14 14:54:22,348: Position of motif: 75
INFO: 2014-12-14 14:54:22,348: Position of motif: 180
INFO: 2014-12-14 14:54:22,348: Position of motif: 98
INFO: 2014-12-14 14:54:22,348: Position of motif: 108
INFO: 2014-12-14 14:54:22,348: Position of motif: 158
INFO: 2014-12-14 14:54:22,349: Position of motif: 39
INFO: 2014-12-14 14:54:22,349: Position of motif: 208
INFO: 2014-12-14 14:54:22,349: Position of motif: 49
INFO: 2014-12-14 14:54:22,349: Position of motif: 91
INFO: 2014-12-14 14:54:22,349: Position of motif: 13
INFO: 2014-12-14 14:54:22,349: Position of motif: 245
INFO: 2014-12-14 14:54:22,349: Position of motif: 80
INFO: 2014-12-14 14:54:22,349: Position of motif: 44
INFO: 2014-12-14 14:54:22,349: Position of motif: 170
INFO: 2014-12-14 14:54:22,349: Position of motif: 69
INFO: 2014-12-14 14:54:22,349: Position of motif: 53
INFO: 2014-12-14 14:54:22,349: Position of motif: 181
INFO: 2014-12-14 14:54:22,349: Position of motif: 199
INFO: 2014-12-14 14:54:22,350: Position of motif: 102
INFO: 2014-12-14 14:54:22,350: Position of motif: 1
INFO: 2014-12-14 14:54:22,350: Position of motif: 34
INFO: 2014-12-14 14:54:22,350: Position of motif: 203
INFO: 2014-12-14 14:54:22,350: Position of motif: 35
INFO: 2014-12-14 14:54:22,350: Position of motif: 126
INFO: 2014-12-14 14:54:22,350: Position of motif: 43
INFO: 2014-12-14 14:54:22,350: Position of motif: 147
INFO: 2014-12-14 14:54:22,350: Position of motif: 25
INFO: 2014-12-14 14:54:22,350: Position of motif: 110
INFO: 2014-12-14 14:54:22,350: Position of motif: 22
INFO: 2014-12-14 14:54:22,350: Position of motif: 68
INFO: 2014-12-14 14:54:22,350: Position of motif: 209
INFO: 2014-12-14 14:54:22,351: Position of motif: 194
INFO: 2014-12-14 14:54:22,351: Position of motif: 147
INFO: 2014-12-14 14:54:22,351: Position of motif: 89
INFO: 2014-12-14 14:54:22,351: Position of motif: 114
INFO: 2014-12-14 14:54:22,351: Position of motif: 76
INFO: 2014-12-14 14:54:22,351: Position of motif: 145
INFO: 2014-12-14 14:54:22,351: Position of motif: 140
INFO: 2014-12-14 14:54:22,351: Position of motif: 167
INFO: 2014-12-14 14:54:22,351: Position of motif: 208
INFO: 2014-12-14 14:54:22,351: Position of motif: 13
INFO: 2014-12-14 14:54:22,351: Position of motif: 155
INFO: 2014-12-14 14:54:22,351: Position of motif: 163
INFO: 2014-12-14 14:54:22,351: Position of motif: 204
INFO: 2014-12-14 14:54:22,352: Position of motif: 138
INFO: 2014-12-14 14:54:22,352: Position of motif: 144
INFO: 2014-12-14 14:54:22,352: Position of motif: 122
INFO: 2014-12-14 14:54:22,352: Position of motif: 153
INFO: 2014-12-14 14:54:22,352: Position of motif: 98
INFO: 2014-12-14 14:54:22,352: Position of motif: 39
INFO: 2014-12-14 14:54:22,352: Position of motif: 191
INFO: 2014-12-14 14:54:22,352: Position of motif: 258
INFO: 2014-12-14 14:54:22,352: Position of motif: 238
INFO: 2014-12-14 14:54:22,352: Position of motif: 16
INFO: 2014-12-14 14:54:22,352: Position of motif: 125
INFO: 2014-12-14 14:54:22,352: Position of motif: 233
INFO: 2014-12-14 14:54:22,352: Position of motif: 128
INFO: 2014-12-14 14:54:22,352: Position of motif: 117
INFO: 2014-12-14 14:54:22,353: Position of motif: 29
INFO: 2014-12-14 14:54:22,353: Position of motif: 13
INFO: 2014-12-14 14:54:22,353: Position of motif: 131
INFO: 2014-12-14 14:54:22,353: Position of motif: 181
INFO: 2014-12-14 14:54:22,353: Position of motif: 172
INFO: 2014-12-14 14:54:22,353: Position of motif: 7
INFO: 2014-12-14 14:54:22,353: Position of motif: 157
INFO: 2014-12-14 14:54:22,353: Position of motif: 107
INFO: 2014-12-14 14:54:22,353: Position of motif: 64
INFO: 2014-12-14 14:54:22,353: Position of motif: 95
INFO: 2014-12-14 14:54:22,353: Position of motif: 221
INFO: 2014-12-14 14:54:22,353: Position of motif: 71
INFO: 2014-12-14 14:54:22,353: Position of motif: 43
INFO: 2014-12-14 14:54:22,354: Position of motif: 141
INFO: 2014-12-14 14:54:22,354: Position of motif: 142
INFO: 2014-12-14 14:54:22,354: Position of motif: 185
INFO: 2014-12-14 14:54:22,354: Position of motif: 235
INFO: 2014-12-14 14:54:22,354: Position of motif: 99
INFO: 2014-12-14 14:54:22,354: Position of motif: 82
INFO: 2014-12-14 14:54:22,354: Position of motif: 130
INFO: 2014-12-14 14:54:22,354: Position of motif: 192
INFO: 2014-12-14 14:54:22,354: Position of motif: 225
INFO: 2014-12-14 14:54:22,354: Position of motif: 237
INFO: 2014-12-14 14:54:22,354: Position of motif: 221
INFO: 2014-12-14 14:54:22,354: Position of motif: 146
INFO: 2014-12-14 14:54:22,354: Position of motif: 67
INFO: 2014-12-14 14:54:22,354: Position of motif: 251
INFO: 2014-12-14 14:54:22,355: Position of motif: 163
INFO: 2014-12-14 14:54:22,355: Position of motif: 157
INFO: 2014-12-14 14:54:22,355: Position of motif: 59
INFO: 2014-12-14 14:54:22,355: Position of motif: 140
INFO: 2014-12-14 14:54:22,355: Position of motif: 78
INFO: 2014-12-14 14:54:22,355: Position of motif: 211
INFO: 2014-12-14 14:54:22,355: Position of motif: 64
INFO: 2014-12-14 14:54:22,355: Position of motif: 175
INFO: 2014-12-14 14:54:22,355: Position of motif: 144
INFO: 2014-12-14 14:54:22,355: Position of motif: 22
INFO: 2014-12-14 14:54:22,355: Position of motif: 91
INFO: 2014-12-14 14:54:22,355: Position of motif: 22
INFO: 2014-12-14 14:54:22,355: Position of motif: 69
INFO: 2014-12-14 14:54:22,356: Position of motif: 80
INFO: 2014-12-14 14:54:22,356: Position of motif: 84
INFO: 2014-12-14 14:54:22,356: Position of motif: 96
INFO: 2014-12-14 14:54:22,356: Position of motif: 146
INFO: 2014-12-14 14:54:22,356: Position of motif: 169
INFO: 2014-12-14 14:54:22,356: Position of motif: 164
INFO: 2014-12-14 14:54:22,356: Position of motif: 83
INFO: 2014-12-14 14:54:22,356: Position of motif: 151
INFO: 2014-12-14 14:54:22,356: Position of motif: 52
INFO: 2014-12-14 14:54:22,356: Position of motif: 117
INFO: 2014-12-14 14:54:22,356: Position of motif: 38
INFO: 2014-12-14 14:54:22,356: Position of motif: 137
INFO: 2014-12-14 14:54:22,356: Position of motif: 218
INFO: 2014-12-14 14:54:22,357: Position of motif: 67
INFO: 2014-12-14 14:54:22,357: Position of motif: 109
INFO: 2014-12-14 14:54:22,357: Position of motif: 204
INFO: 2014-12-14 14:54:22,357: Position of motif: 89
INFO: 2014-12-14 14:54:22,357: Position of motif: 208
INFO: 2014-12-14 14:54:22,357: Position of motif: 182
INFO: 2014-12-14 14:54:22,357: Position of motif: 192
INFO: 2014-12-14 14:54:22,357: Position of motif: 174
INFO: 2014-12-14 14:54:22,357: Position of motif: 123
INFO: 2014-12-14 14:54:22,357: Position of motif: 117
INFO: 2014-12-14 14:54:22,357: Position of motif: 71
INFO: 2014-12-14 14:54:22,357: Position of motif: 54
INFO: 2014-12-14 14:54:22,357: Position of motif: 18
INFO: 2014-12-14 14:54:22,357: Position of motif: 61
INFO: 2014-12-14 14:54:22,358: Position of motif: 130
INFO: 2014-12-14 14:54:22,358: Position of motif: 101
INFO: 2014-12-14 14:54:22,358: Position of motif: 44
INFO: 2014-12-14 14:54:22,358: Position of motif: 56
INFO: 2014-12-14 14:54:22,358: Position of motif: 9
INFO: 2014-12-14 14:54:22,358: Position of motif: 108
INFO: 2014-12-14 14:54:22,358: Position of motif: 2
INFO: 2014-12-14 14:54:22,358: Position of motif: 9
INFO: 2014-12-14 14:54:22,358: Position of motif: 137
INFO: 2014-12-14 14:54:22,358: Position of motif: 130
INFO: 2014-12-14 14:54:22,358: Position of motif: 80
INFO: 2014-12-14 14:54:22,358: Position of motif: 84
INFO: 2014-12-14 14:54:22,358: Position of motif: 148
INFO: 2014-12-14 14:54:22,359: Position of motif: 92
INFO: 2014-12-14 14:54:22,359: Position of motif: 166
INFO: 2014-12-14 14:54:22,359: Position of motif: 132
INFO: 2014-12-14 14:54:22,359: Position of motif: 8
INFO: 2014-12-14 14:54:22,359: Position of motif: 98
INFO: 2014-12-14 14:54:22,359: Position of motif: 126
INFO: 2014-12-14 14:54:22,359: Position of motif: 193
INFO: 2014-12-14 14:54:22,359: Position of motif: 47
INFO: 2014-12-14 14:54:22,359: Position of motif: 255
INFO: 2014-12-14 14:54:22,359: Position of motif: 88
INFO: 2014-12-14 14:54:22,359: Position of motif: 33
INFO: 2014-12-14 14:54:22,359: Position of motif: 241
INFO: 2014-12-14 14:54:22,359: Position of motif: 126
INFO: 2014-12-14 14:54:22,360: Position of motif: 71
INFO: 2014-12-14 14:54:22,360: Position of motif: 129
INFO: 2014-12-14 14:54:22,360: Position of motif: 57
INFO: 2014-12-14 14:54:22,360: Position of motif: 31
INFO: 2014-12-14 14:54:22,360: Position of motif: 143
INFO: 2014-12-14 14:54:22,360: Position of motif: 80
INFO: 2014-12-14 14:54:22,360: Position of motif: 133
INFO: 2014-12-14 14:54:22,360: Position of motif: 175
INFO: 2014-12-14 14:54:22,360: Position of motif: 269
INFO: 2014-12-14 14:54:22,360: Position of motif: 110
INFO: 2014-12-14 14:54:22,360: Position of motif: 140
INFO: 2014-12-14 14:54:22,360: Position of motif: 17
INFO: 2014-12-14 14:54:22,360: Position of motif: 86
INFO: 2014-12-14 14:54:22,360: Position of motif: 208
INFO: 2014-12-14 14:54:22,361: Position of motif: 81
INFO: 2014-12-14 14:54:22,361: Position of motif: 130
INFO: 2014-12-14 14:54:22,361: Position of motif: 150
INFO: 2014-12-14 14:54:22,361: Position of motif: 84
INFO: 2014-12-14 14:54:22,361: Position of motif: 2
INFO: 2014-12-14 14:54:22,361: Position of motif: 173
INFO: 2014-12-14 14:54:22,361: Position of motif: 175
INFO: 2014-12-14 14:54:22,361: Position of motif: 27
INFO: 2014-12-14 14:54:22,361: Position of motif: 141
INFO: 2014-12-14 14:54:22,361: Position of motif: 169
INFO: 2014-12-14 14:54:22,361: Position of motif: 28
INFO: 2014-12-14 14:54:22,361: Position of motif: 43
INFO: 2014-12-14 14:54:22,361: Position of motif: 167
INFO: 2014-12-14 14:54:22,362: Position of motif: 189
INFO: 2014-12-14 14:54:22,362: Position of motif: 4
INFO: 2014-12-14 14:54:22,362: Position of motif: 63
INFO: 2014-12-14 14:54:22,362: Position of motif: 84
INFO: 2014-12-14 14:54:22,362: Position of motif: 228
INFO: 2014-12-14 14:54:22,362: Position of motif: 215
INFO: 2014-12-14 14:54:22,362: Position of motif: 165
INFO: 2014-12-14 14:54:22,362: Position of motif: 233
INFO: 2014-12-14 14:54:22,362: Position of motif: 174
INFO: 2014-12-14 14:54:22,362: Position of motif: 33
INFO: 2014-12-14 14:54:22,362: Position of motif: 62
INFO: 2014-12-14 14:54:22,362: Position of motif: 167
INFO: 2014-12-14 14:54:22,362: Position of motif: 178
INFO: 2014-12-14 14:54:22,363: Position of motif: 197
INFO: 2014-12-14 14:54:22,363: Position of motif: 215
INFO: 2014-12-14 14:54:22,363: Position of motif: 158
INFO: 2014-12-14 14:54:22,363: Position of motif: 52
INFO: 2014-12-14 14:54:22,363: Position of motif: 203
INFO: 2014-12-14 14:54:22,363: Position of motif: 236
INFO: 2014-12-14 14:54:22,363: Position of motif: 100
INFO: 2014-12-14 14:54:22,363: Position of motif: 65
INFO: 2014-12-14 14:54:22,363: Position of motif: 160
INFO: 2014-12-14 14:54:22,363: Position of motif: 47
INFO: 2014-12-14 14:54:22,363: Position of motif: 79
INFO: 2014-12-14 14:54:22,363: Position of motif: 186
INFO: 2014-12-14 14:54:22,363: Position of motif: 163
INFO: 2014-12-14 14:54:22,363: Position of motif: 207
INFO: 2014-12-14 14:54:22,364: Position of motif: 197
INFO: 2014-12-14 14:54:22,364: Position of motif: 87
INFO: 2014-12-14 14:54:22,364: Position of motif: 194
INFO: 2014-12-14 14:54:22,364: Position of motif: 172
INFO: 2014-12-14 14:54:22,364: Position of motif: 34
INFO: 2014-12-14 14:54:22,364: Position of motif: 87
INFO: 2014-12-14 14:54:22,364: Position of motif: 250
INFO: 2014-12-14 14:54:22,364: Position of motif: 119
INFO: 2014-12-14 14:54:22,364: Position of motif: 176
INFO: 2014-12-14 14:54:22,364: Position of motif: 212
INFO: 2014-12-14 14:54:22,364: Position of motif: 195
INFO: 2014-12-14 14:54:22,364: Position of motif: 62
INFO: 2014-12-14 14:54:22,364: Position of motif: 225
INFO: 2014-12-14 14:54:22,365: Position of motif: 86
INFO: 2014-12-14 14:54:22,365: Position of motif: 16
INFO: 2014-12-14 14:54:22,365: Position of motif: 145
INFO: 2014-12-14 14:54:22,365: Position of motif: 26
INFO: 2014-12-14 14:54:22,365: Position of motif: 207
INFO: 2014-12-14 14:54:22,365: Position of motif: 131
INFO: 2014-12-14 14:54:22,365: Position of motif: 138
INFO: 2014-12-14 14:54:22,365: Position of motif: 234
INFO: 2014-12-14 14:54:22,365: Position of motif: 209
INFO: 2014-12-14 14:54:22,365: Position of motif: 5
INFO: 2014-12-14 14:54:22,365: Position of motif: 85
INFO: 2014-12-14 14:54:22,365: Position of motif: 122
INFO: 2014-12-14 14:54:22,365: Position of motif: 5
INFO: 2014-12-14 14:54:22,366: Position of motif: 182
INFO: 2014-12-14 14:54:22,366: Position of motif: 76
INFO: 2014-12-14 14:54:22,366: Position of motif: 110
INFO: 2014-12-14 14:54:22,366: Position of motif: 159
INFO: 2014-12-14 14:54:22,366: Position of motif: 76
INFO: 2014-12-14 14:54:22,366: Position of motif: 40
INFO: 2014-12-14 14:54:22,366: Position of motif: 103
INFO: 2014-12-14 14:54:22,366: Position of motif: 166
INFO: 2014-12-14 14:54:22,366: Position of motif: 190
INFO: 2014-12-14 14:54:22,366: Position of motif: 177
INFO: 2014-12-14 14:54:22,366: Position of motif: 226
INFO: 2014-12-14 14:54:22,366: Position of motif: 165
INFO: 2014-12-14 14:54:22,366: Position of motif: 151
INFO: 2014-12-14 14:54:22,367: Position of motif: 51
INFO: 2014-12-14 14:54:22,367: Position of motif: 42
INFO: 2014-12-14 14:54:22,367: Position of motif: 135
INFO: 2014-12-14 14:54:22,367: Position of motif: 191
INFO: 2014-12-14 14:54:22,367: Position of motif: 167
INFO: 2014-12-14 14:54:22,367: Position of motif: 30
INFO: 2014-12-14 14:54:22,367: Position of motif: 136
INFO: 2014-12-14 14:54:22,367: Position of motif: 138
INFO: 2014-12-14 14:54:22,367: Position of motif: 124
INFO: 2014-12-14 14:54:22,367: Position of motif: 176
INFO: 2014-12-14 14:54:22,367: Position of motif: 142
INFO: 2014-12-14 14:54:22,367: Position of motif: 140
INFO: 2014-12-14 14:54:22,367: Position of motif: 16
INFO: 2014-12-14 14:54:22,368: Position of motif: 154
INFO: 2014-12-14 14:54:22,368: Position of motif: 239
INFO: 2014-12-14 14:54:22,368: Position of motif: 88
INFO: 2014-12-14 14:54:22,368: Position of motif: 193
INFO: 2014-12-14 14:54:22,368: Position of motif: 28
INFO: 2014-12-14 14:54:22,368: Position of motif: 103
INFO: 2014-12-14 14:54:22,368: Position of motif: 127
INFO: 2014-12-14 14:54:22,368: Position of motif: 51
INFO: 2014-12-14 14:54:22,368: Position of motif: 97
INFO: 2014-12-14 14:54:22,368: Position of motif: 125
INFO: 2014-12-14 14:54:22,368: Position of motif: 42
INFO: 2014-12-14 14:54:22,368: Position of motif: 39
INFO: 2014-12-14 14:54:22,368: Position of motif: 23
INFO: 2014-12-14 14:54:22,369: Position of motif: 121
INFO: 2014-12-14 14:54:22,369: Position of motif: 32
INFO: 2014-12-14 14:54:22,369: Position of motif: 185
INFO: 2014-12-14 14:54:22,369: Position of motif: 218
INFO: 2014-12-14 14:54:22,369: Position of motif: 182
INFO: 2014-12-14 14:54:22,369: Position of motif: 132
INFO: 2014-12-14 14:54:22,369: Position of motif: 82
INFO: 2014-12-14 14:54:22,369: Position of motif: 261
INFO: 2014-12-14 14:54:22,369: Position of motif: 149
INFO: 2014-12-14 14:54:22,369: Position of motif: 100
INFO: 2014-12-14 14:54:22,369: Position of motif: 98
INFO: 2014-12-14 14:54:22,369: Position of motif: 179
INFO: 2014-12-14 14:54:22,369: Position of motif: 32
INFO: 2014-12-14 14:54:22,369: Position of motif: 113
INFO: 2014-12-14 14:54:22,370: Position of motif: 100
INFO: 2014-12-14 14:54:22,370: Position of motif: 133
INFO: 2014-12-14 14:54:22,370: Position of motif: 107
INFO: 2014-12-14 14:54:22,370: Position of motif: 88
INFO: 2014-12-14 14:54:22,370: Position of motif: 5
INFO: 2014-12-14 14:54:22,370: Position of motif: 6
INFO: 2014-12-14 14:54:22,370: Position of motif: 14
INFO: 2014-12-14 14:54:22,370: Position of motif: 134
INFO: 2014-12-14 14:54:22,370: Position of motif: 51
INFO: 2014-12-14 14:54:22,370: Position of motif: 21
INFO: 2014-12-14 14:54:22,370: Position of motif: 90
INFO: 2014-12-14 14:54:22,370: Position of motif: 261
INFO: 2014-12-14 14:54:22,370: Position of motif: 51
INFO: 2014-12-14 14:54:22,371: Position of motif: 26
INFO: 2014-12-14 14:54:22,371: Position of motif: 84
INFO: 2014-12-14 14:54:22,371: Position of motif: 229
INFO: 2014-12-14 14:54:22,371: Position of motif: 202
INFO: 2014-12-14 14:54:22,371: Position of motif: 65
INFO: 2014-12-14 14:54:22,371: Position of motif: 144
INFO: 2014-12-14 14:54:22,371: Position of motif: 199
INFO: 2014-12-14 14:54:22,371: Position of motif: 227
INFO: 2014-12-14 14:54:22,371: Position of motif: 27
INFO: 2014-12-14 14:54:22,371: Position of motif: 33
INFO: 2014-12-14 14:54:22,371: Position of motif: 128
INFO: 2014-12-14 14:54:22,371: Position of motif: 136
INFO: 2014-12-14 14:54:22,371: Position of motif: 135
INFO: 2014-12-14 14:54:22,372: Position of motif: 115
INFO: 2014-12-14 14:54:22,372: Position of motif: 141
INFO: 2014-12-14 14:54:22,372: Position of motif: 145
INFO: 2014-12-14 14:54:22,372: Position of motif: 56
INFO: 2014-12-14 14:54:22,372: Position of motif: 59
INFO: 2014-12-14 14:54:22,372: Position of motif: 205
INFO: 2014-12-14 14:54:22,372: Position of motif: 37
INFO: 2014-12-14 14:54:22,372: Position of motif: 135
INFO: 2014-12-14 14:54:22,372: Position of motif: 149
INFO: 2014-12-14 14:54:22,372: Position of motif: 116
INFO: 2014-12-14 14:54:22,372: Position of motif: 35
INFO: 2014-12-14 14:54:22,372: Position of motif: 95
INFO: 2014-12-14 14:54:22,372: Position of motif: 138
INFO: 2014-12-14 14:54:22,373: Position of motif: 155
INFO: 2014-12-14 14:54:22,373: Position of motif: 175
INFO: 2014-12-14 14:54:22,373: Position of motif: 141
INFO: 2014-12-14 14:54:22,373: Position of motif: 149
INFO: 2014-12-14 14:54:22,373: Position of motif: 187
INFO: 2014-12-14 14:54:22,373: Position of motif: 157
INFO: 2014-12-14 14:54:22,373: Position of motif: 30
INFO: 2014-12-14 14:54:22,373: Position of motif: 33
INFO: 2014-12-14 14:54:22,373: Position of motif: 181
INFO: 2014-12-14 14:54:22,373: Position of motif: 9
INFO: 2014-12-14 14:54:22,373: Position of motif: 99
INFO: 2014-12-14 14:54:22,373: Position of motif: 94
INFO: 2014-12-14 14:54:22,373: Position of motif: 27
INFO: 2014-12-14 14:54:22,374: Position of motif: 32
INFO: 2014-12-14 14:54:22,374: Position of motif: 150
INFO: 2014-12-14 14:54:22,374: Position of motif: 208
INFO: 2014-12-14 14:54:22,374: Position of motif: 226
INFO: 2014-12-14 14:54:22,374: Position of motif: 64
INFO: 2014-12-14 14:54:22,374: Position of motif: 229
INFO: 2014-12-14 14:54:22,374: Position of motif: 37
INFO: 2014-12-14 14:54:22,374: Position of motif: 180
INFO: 2014-12-14 14:54:22,374: Position of motif: 10
INFO: 2014-12-14 14:54:22,374: Position of motif: 126
INFO: 2014-12-14 14:54:22,374: Position of motif: 110
INFO: 2014-12-14 14:54:22,374: Position of motif: 19
INFO: 2014-12-14 14:54:22,374: Position of motif: 193
INFO: 2014-12-14 14:54:22,374: Position of motif: 124
INFO: 2014-12-14 14:54:22,375: Position of motif: 98
INFO: 2014-12-14 14:54:22,375: Position of motif: 6
INFO: 2014-12-14 14:54:22,375: Position of motif: 232
INFO: 2014-12-14 14:54:22,375: Position of motif: 123
INFO: 2014-12-14 14:54:22,375: Position of motif: 25
INFO: 2014-12-14 14:54:22,375: Position of motif: 234
INFO: 2014-12-14 14:54:22,375: Position of motif: 124
INFO: 2014-12-14 14:54:22,375: Position of motif: 100
INFO: 2014-12-14 14:54:22,375: Position of motif: 226
INFO: 2014-12-14 14:54:22,375: Position of motif: 21
INFO: 2014-12-14 14:54:22,375: Position of motif: 59
INFO: 2014-12-14 14:54:22,375: Position of motif: 162
INFO: 2014-12-14 14:54:22,375: Position of motif: 100
INFO: 2014-12-14 14:54:22,376: Position of motif: 106
INFO: 2014-12-14 14:54:22,376: Position of motif: 11
INFO: 2014-12-14 14:54:22,376: Position of motif: 164
INFO: 2014-12-14 14:54:22,376: Position of motif: 220
INFO: 2014-12-14 14:54:22,376: Position of motif: 135
INFO: 2014-12-14 14:54:22,376: Position of motif: 181
INFO: 2014-12-14 14:54:22,376: Position of motif: 207
INFO: 2014-12-14 14:54:22,376: Position of motif: 219
INFO: 2014-12-14 14:54:22,376: Position of motif: 184
INFO: 2014-12-14 14:54:22,376: Position of motif: 96
INFO: 2014-12-14 14:54:22,376: Position of motif: 121
INFO: 2014-12-14 14:54:22,376: Position of motif: 172
INFO: 2014-12-14 14:54:22,376: Position of motif: 66
INFO: 2014-12-14 14:54:22,376: Position of motif: 90
INFO: 2014-12-14 14:54:22,377: Position of motif: 36
INFO: 2014-12-14 14:54:22,377: Position of motif: 133
INFO: 2014-12-14 14:54:22,377: Position of motif: 135
INFO: 2014-12-14 14:54:22,377: Position of motif: 2
INFO: 2014-12-14 14:54:22,377: Position of motif: 4
INFO: 2014-12-14 14:54:22,377: Position of motif: 190
INFO: 2014-12-14 14:54:22,377: Position of motif: 163
INFO: 2014-12-14 14:54:22,377: Position of motif: 146
INFO: 2014-12-14 14:54:22,377: Position of motif: 75
INFO: 2014-12-14 14:54:22,377: Position of motif: 173
INFO: 2014-12-14 14:54:22,377: Position of motif: 23
INFO: 2014-12-14 14:54:22,377: Position of motif: 203
INFO: 2014-12-14 14:54:22,377: Position of motif: 101
INFO: 2014-12-14 14:54:22,378: Position of motif: 11
INFO: 2014-12-14 14:54:22,378: Position of motif: 87
INFO: 2014-12-14 14:54:22,378: Position of motif: 102
INFO: 2014-12-14 14:54:22,378: Position of motif: 36
INFO: 2014-12-14 14:54:22,378: Position of motif: 196
INFO: 2014-12-14 14:54:22,378: Position of motif: 57
INFO: 2014-12-14 14:54:22,378: Position of motif: 229
INFO: 2014-12-14 14:54:22,378: Position of motif: 103
INFO: 2014-12-14 14:54:22,378: Position of motif: 6
INFO: 2014-12-14 14:54:22,378: Position of motif: 16
INFO: 2014-12-14 14:54:22,378: Position of motif: 167
INFO: 2014-12-14 14:54:22,378: Position of motif: 3
INFO: 2014-12-14 14:54:22,378: Position of motif: 147
INFO: 2014-12-14 14:54:22,379: Position of motif: 37
INFO: 2014-12-14 14:54:22,379: Position of motif: 49
INFO: 2014-12-14 14:54:22,379: Position of motif: 19
INFO: 2014-12-14 14:54:22,379: Position of motif: 144
INFO: 2014-12-14 14:54:22,379: Position of motif: 215
INFO: 2014-12-14 14:54:22,379: Position of motif: 150
INFO: 2014-12-14 14:54:22,379: Position of motif: 192
INFO: 2014-12-14 14:54:22,379: Position of motif: 151
INFO: 2014-12-14 14:54:22,379: Position of motif: 47
INFO: 2014-12-14 14:54:22,379: Position of motif: 91
INFO: 2014-12-14 14:54:22,379: Position of motif: 111
INFO: 2014-12-14 14:54:22,379: Position of motif: 90
INFO: 2014-12-14 14:54:22,380: Position of motif: 2
INFO: 2014-12-14 14:54:22,380: Position of motif: 135
INFO: 2014-12-14 14:54:22,380: Position of motif: 256
INFO: 2014-12-14 14:54:22,380: Position of motif: 8
INFO: 2014-12-14 14:54:22,380: Position of motif: 210
INFO: 2014-12-14 14:54:22,380: Position of motif: 126
INFO: 2014-12-14 14:54:22,380: Position of motif: 132
INFO: 2014-12-14 14:54:22,380: Position of motif: 220
INFO: 2014-12-14 14:54:22,380: Position of motif: 197
INFO: 2014-12-14 14:54:22,380: Position of motif: 115
INFO: 2014-12-14 14:54:22,380: Position of motif: 65
INFO: 2014-12-14 14:54:22,380: Position of motif: 238
INFO: 2014-12-14 14:54:22,380: Position of motif: 244
INFO: 2014-12-14 14:54:22,381: Position of motif: 70
INFO: 2014-12-14 14:54:22,381: Position of motif: 122
INFO: 2014-12-14 14:54:22,381: Position of motif: 168
INFO: 2014-12-14 14:54:22,381: Position of motif: 193
INFO: 2014-12-14 14:54:22,381: Position of motif: 207
INFO: 2014-12-14 14:54:22,381: Position of motif: 144
INFO: 2014-12-14 14:54:22,381: Position of motif: 97
INFO: 2014-12-14 14:54:22,381: Position of motif: 12
INFO: 2014-12-14 14:54:22,381: Position of motif: 153
INFO: 2014-12-14 14:54:22,381: Position of motif: 193
INFO: 2014-12-14 14:54:22,381: Position of motif: 33
INFO: 2014-12-14 14:54:22,381: Position of motif: 162
INFO: 2014-12-14 14:54:22,381: Position of motif: 251
INFO: 2014-12-14 14:54:22,382: Position of motif: 167
INFO: 2014-12-14 14:54:22,382: Position of motif: 174
INFO: 2014-12-14 14:54:22,382: Position of motif: 154
INFO: 2014-12-14 14:54:22,382: Position of motif: 189
INFO: 2014-12-14 14:54:22,382: Position of motif: 132
INFO: 2014-12-14 14:54:22,382: Position of motif: 181
INFO: 2014-12-14 14:54:22,382: Position of motif: 7
INFO: 2014-12-14 14:54:22,382: Position of motif: 183
INFO: 2014-12-14 14:54:22,382: Position of motif: 243
INFO: 2014-12-14 14:54:22,382: Position of motif: 145
INFO: 2014-12-14 14:54:22,382: Position of motif: 79
INFO: 2014-12-14 14:54:22,382: Position of motif: 12
INFO: 2014-12-14 14:54:22,382: Position of motif: 131
INFO: 2014-12-14 14:54:22,382: Position of motif: 28
INFO: 2014-12-14 14:54:22,383: Position of motif: 192
INFO: 2014-12-14 14:54:22,383: Position of motif: 59
INFO: 2014-12-14 14:54:22,383: Position of motif: 34
INFO: 2014-12-14 14:54:22,383: Position of motif: 144
INFO: 2014-12-14 14:54:22,383: Position of motif: 159
INFO: 2014-12-14 14:54:22,383: Position of motif: 85
INFO: 2014-12-14 14:54:22,383: Position of motif: 49
INFO: 2014-12-14 14:54:22,383: Position of motif: 226
INFO: 2014-12-14 14:54:22,383: Position of motif: 100
INFO: 2014-12-14 14:54:22,383: Position of motif: 37
INFO: 2014-12-14 14:54:22,383: Position of motif: 74
INFO: 2014-12-14 14:54:22,383: Position of motif: 120
INFO: 2014-12-14 14:54:22,383: Position of motif: 175
INFO: 2014-12-14 14:54:22,384: Position of motif: 26
INFO: 2014-12-14 14:54:22,384: Position of motif: 39
INFO: 2014-12-14 14:54:22,384: Position of motif: 65
INFO: 2014-12-14 14:54:22,384: Position of motif: 47
INFO: 2014-12-14 14:54:22,384: Position of motif: 247
INFO: 2014-12-14 14:54:22,384: Position of motif: 237
INFO: 2014-12-14 14:54:22,384: Position of motif: 50
INFO: 2014-12-14 14:54:22,384: Position of motif: 5
INFO: 2014-12-14 14:54:22,384: Position of motif: 21
INFO: 2014-12-14 14:54:22,384: Position of motif: 10
INFO: 2014-12-14 14:54:22,384: Position of motif: 15
INFO: 2014-12-14 14:54:22,384: Position of motif: 63
INFO: 2014-12-14 14:54:22,385: Position of motif: 280
INFO: 2014-12-14 14:54:22,385: Position of motif: 173
INFO: 2014-12-14 14:54:22,385: Position of motif: 277
INFO: 2014-12-14 14:54:22,385: Position of motif: 61
INFO: 2014-12-14 14:54:22,385: Position of motif: 70
INFO: 2014-12-14 14:54:22,385: Position of motif: 197
INFO: 2014-12-14 14:54:22,385: Position of motif: 27
INFO: 2014-12-14 14:54:22,385: Position of motif: 210
INFO: 2014-12-14 14:54:22,385: Position of motif: 82
INFO: 2014-12-14 14:54:22,385: Position of motif: 259
INFO: 2014-12-14 14:54:22,385: Position of motif: 32
INFO: 2014-12-14 14:54:22,385: Position of motif: 211
INFO: 2014-12-14 14:54:22,385: Position of motif: 149
INFO: 2014-12-14 14:54:22,386: Position of motif: 216
INFO: 2014-12-14 14:54:22,386: Position of motif: 45
INFO: 2014-12-14 14:54:22,386: Position of motif: 33
INFO: 2014-12-14 14:54:22,386: Position of motif: 63
INFO: 2014-12-14 14:54:22,386: Position of motif: 69
INFO: 2014-12-14 14:54:22,386: Position of motif: 58
INFO: 2014-12-14 14:54:22,386: Position of motif: 6
INFO: 2014-12-14 14:54:22,386: Position of motif: 233
INFO: 2014-12-14 14:54:22,386: Position of motif: 250
INFO: 2014-12-14 14:54:22,386: Position of motif: 63
INFO: 2014-12-14 14:54:22,386: Position of motif: 13
INFO: 2014-12-14 14:54:22,386: Position of motif: 152
INFO: 2014-12-14 14:54:22,386: Position of motif: 48
INFO: 2014-12-14 14:54:22,386: Position of motif: 229
INFO: 2014-12-14 14:54:22,387: Position of motif: 197
INFO: 2014-12-14 14:54:22,387: Position of motif: 132
INFO: 2014-12-14 14:54:22,387: Position of motif: 165
INFO: 2014-12-14 14:54:22,387: Position of motif: 198
INFO: 2014-12-14 14:54:22,387: Position of motif: 169
INFO: 2014-12-14 14:54:22,387: Position of motif: 204
INFO: 2014-12-14 14:54:22,387: Position of motif: 75
INFO: 2014-12-14 14:54:22,387: Position of motif: 142
INFO: 2014-12-14 14:54:22,387: Position of motif: 109
INFO: 2014-12-14 14:54:22,387: Position of motif: 156
INFO: 2014-12-14 14:54:22,387: Position of motif: 145
INFO: 2014-12-14 14:54:22,387: Position of motif: 137
INFO: 2014-12-14 14:54:22,387: Position of motif: 128
INFO: 2014-12-14 14:54:22,388: Position of motif: 144
INFO: 2014-12-14 14:54:22,388: Position of motif: 85
INFO: 2014-12-14 14:54:22,388: Position of motif: 157
INFO: 2014-12-14 14:54:22,388: Position of motif: 9
INFO: 2014-12-14 14:54:22,388: Position of motif: 168
INFO: 2014-12-14 14:54:22,388: Position of motif: 25
INFO: 2014-12-14 14:54:22,388: Position of motif: 195
INFO: 2014-12-14 14:54:22,388: Position of motif: 68
INFO: 2014-12-14 14:54:22,388: Position of motif: 98
INFO: 2014-12-14 14:54:22,388: Position of motif: 6
INFO: 2014-12-14 14:54:22,388: Position of motif: 48
INFO: 2014-12-14 14:54:22,388: Position of motif: 139
INFO: 2014-12-14 14:54:22,388: Position of motif: 186
INFO: 2014-12-14 14:54:22,389: Position of motif: 226
INFO: 2014-12-14 14:54:22,389: Position of motif: 78
INFO: 2014-12-14 14:54:22,389: Position of motif: 25
INFO: 2014-12-14 14:54:22,389: Position of motif: 57
INFO: 2014-12-14 14:54:22,389: Position of motif: 85
INFO: 2014-12-14 14:54:22,389: Position of motif: 45
INFO: 2014-12-14 14:54:22,389: Position of motif: 177
INFO: 2014-12-14 14:54:22,389: Position of motif: 20
INFO: 2014-12-14 14:54:22,389: Position of motif: 73
INFO: 2014-12-14 14:54:22,389: Position of motif: 54
INFO: 2014-12-14 14:54:22,389: Position of motif: 123
INFO: 2014-12-14 14:54:22,389: Position of motif: 68
INFO: 2014-12-14 14:54:22,389: Position of motif: 26
INFO: 2014-12-14 14:54:22,389: Position of motif: 63
INFO: 2014-12-14 14:54:22,390: Position of motif: 165
INFO: 2014-12-14 14:54:22,390: Position of motif: 171
INFO: 2014-12-14 14:54:22,390: Position of motif: 55
INFO: 2014-12-14 14:54:22,390: Position of motif: 190
INFO: 2014-12-14 14:54:22,390: Position of motif: 183
INFO: 2014-12-14 14:54:22,390: Position of motif: 83
INFO: 2014-12-14 14:54:22,390: Position of motif: 157
INFO: 2014-12-14 14:54:22,390: Position of motif: 118
INFO: 2014-12-14 14:54:22,390: Position of motif: 13
INFO: 2014-12-14 14:54:22,390: Position of motif: 110
INFO: 2014-12-14 14:54:22,390: Position of motif: 161
INFO: 2014-12-14 14:54:22,390: Position of motif: 33
INFO: 2014-12-14 14:54:22,390: Position of motif: 246
INFO: 2014-12-14 14:54:22,391: Position of motif: 196
INFO: 2014-12-14 14:54:22,391: Position of motif: 172
INFO: 2014-12-14 14:54:22,391: Position of motif: 224
INFO: 2014-12-14 14:54:22,391: Position of motif: 195
INFO: 2014-12-14 14:54:22,391: Position of motif: 59
INFO: 2014-12-14 14:54:22,391: Position of motif: 145
INFO: 2014-12-14 14:54:22,391: Position of motif: 221
INFO: 2014-12-14 14:54:22,391: Position of motif: 95
INFO: 2014-12-14 14:54:22,391: Position of motif: 3
INFO: 2014-12-14 14:54:22,391: Position of motif: 182
INFO: 2014-12-14 14:54:22,391: Position of motif: 35
INFO: 2014-12-14 14:54:22,391: Position of motif: 143
INFO: 2014-12-14 14:54:22,391: Position of motif: 194
INFO: 2014-12-14 14:54:22,392: Position of motif: 87
INFO: 2014-12-14 14:54:22,392: Position of motif: 96
INFO: 2014-12-14 14:54:22,392: Position of motif: 147
INFO: 2014-12-14 14:54:22,392: Position of motif: 44
INFO: 2014-12-14 14:54:22,392: Position of motif: 57
INFO: 2014-12-14 14:54:22,392: Position of motif: 117
INFO: 2014-12-14 14:54:22,392: Position of motif: 146
INFO: 2014-12-14 14:54:22,392: Position of motif: 214
INFO: 2014-12-14 14:54:22,392: Position of motif: 143
INFO: 2014-12-14 14:54:22,392: Position of motif: 79
INFO: 2014-12-14 14:54:22,392: Position of motif: 145
INFO: 2014-12-14 14:54:22,392: Position of motif: 59
INFO: 2014-12-14 14:54:22,392: Position of motif: 152
INFO: 2014-12-14 14:54:22,392: Position of motif: 77
INFO: 2014-12-14 14:54:22,393: Position of motif: 93
INFO: 2014-12-14 14:54:22,393: Position of motif: 194
INFO: 2014-12-14 14:54:22,393: Position of motif: 131
INFO: 2014-12-14 14:54:22,393: Position of motif: 229
INFO: 2014-12-14 14:54:22,393: Position of motif: 80
INFO: 2014-12-14 14:54:22,393: Position of motif: 87
INFO: 2014-12-14 14:54:22,393: Position of motif: 2
INFO: 2014-12-14 14:54:22,393: Position of motif: 18
INFO: 2014-12-14 14:54:22,393: Position of motif: 36
INFO: 2014-12-14 14:54:22,393: Position of motif: 28
INFO: 2014-12-14 14:54:22,393: Position of motif: 216
INFO: 2014-12-14 14:54:22,393: Position of motif: 143
INFO: 2014-12-14 14:54:22,394: Position of motif: 70
INFO: 2014-12-14 14:54:22,394: Position of motif: 43
INFO: 2014-12-14 14:54:22,394: Position of motif: 196
INFO: 2014-12-14 14:54:22,394: Position of motif: 52
INFO: 2014-12-14 14:54:22,394: Position of motif: 133
INFO: 2014-12-14 14:54:22,394: Position of motif: 87
INFO: 2014-12-14 14:54:22,394: Position of motif: 207
INFO: 2014-12-14 14:54:22,394: Position of motif: 15
INFO: 2014-12-14 14:54:22,394: Position of motif: 140
INFO: 2014-12-14 14:54:22,394: Position of motif: 174
INFO: 2014-12-14 14:54:22,394: Position of motif: 7
INFO: 2014-12-14 14:54:22,394: Position of motif: 44
INFO: 2014-12-14 14:54:22,394: Position of motif: 46
INFO: 2014-12-14 14:54:22,394: Position of motif: 100
INFO: 2014-12-14 14:54:22,395: Position of motif: 66
INFO: 2014-12-14 14:54:22,395: Position of motif: 91
INFO: 2014-12-14 14:54:22,395: Position of motif: 245
INFO: 2014-12-14 14:54:22,395: Position of motif: 62
INFO: 2014-12-14 14:54:22,395: Position of motif: 68
INFO: 2014-12-14 14:54:22,395: Position of motif: 76
INFO: 2014-12-14 14:54:22,395: Position of motif: 230
INFO: 2014-12-14 14:54:22,395: Position of motif: 151
INFO: 2014-12-14 14:54:22,395: Position of motif: 92
INFO: 2014-12-14 14:54:22,395: Position of motif: 20
INFO: 2014-12-14 14:54:22,395: Position of motif: 195
INFO: 2014-12-14 14:54:22,395: Position of motif: 161
INFO: 2014-12-14 14:54:22,395: Position of motif: 57
INFO: 2014-12-14 14:54:22,396: Position of motif: 127
INFO: 2014-12-14 14:54:22,396: Position of motif: 7
INFO: 2014-12-14 14:54:22,396: Position of motif: 70
INFO: 2014-12-14 14:54:22,396: Position of motif: 132
INFO: 2014-12-14 14:54:22,396: Position of motif: 32
INFO: 2014-12-14 14:54:22,396: Position of motif: 78
INFO: 2014-12-14 14:54:22,396: Position of motif: 123
INFO: 2014-12-14 14:54:22,396: Position of motif: 90
INFO: 2014-12-14 14:54:22,396: Position of motif: 85
INFO: 2014-12-14 14:54:22,396: Position of motif: 132
INFO: 2014-12-14 14:54:22,396: Position of motif: 128
INFO: 2014-12-14 14:54:22,396: Position of motif: 123
INFO: 2014-12-14 14:54:22,396: Position of motif: 200
INFO: 2014-12-14 14:54:22,397: Position of motif: 59
INFO: 2014-12-14 14:54:22,397: Position of motif: 136
INFO: 2014-12-14 14:54:22,397: Position of motif: 135
INFO: 2014-12-14 14:54:22,397: Position of motif: 5
INFO: 2014-12-14 14:54:22,397: Position of motif: 128
INFO: 2014-12-14 14:54:22,397: Position of motif: 147
INFO: 2014-12-14 14:54:22,397: Position of motif: 74
INFO: 2014-12-14 14:54:22,397: Position of motif: 100
INFO: 2014-12-14 14:54:22,397: Position of motif: 31
INFO: 2014-12-14 14:54:22,397: Position of motif: 162
INFO: 2014-12-14 14:54:22,397: Position of motif: 182
INFO: 2014-12-14 14:54:22,397: Position of motif: 120
INFO: 2014-12-14 14:54:22,398: Position of motif: 146
INFO: 2014-12-14 14:54:22,398: Position of motif: 49
INFO: 2014-12-14 14:54:22,398: Position of motif: 10
INFO: 2014-12-14 14:54:22,398: Position of motif: 174
INFO: 2014-12-14 14:54:22,398: Position of motif: 142
INFO: 2014-12-14 14:54:22,398: Position of motif: 172
INFO: 2014-12-14 14:54:22,398: Position of motif: 13
INFO: 2014-12-14 14:54:22,398: Position of motif: 73
INFO: 2014-12-14 14:54:22,398: Position of motif: 267
INFO: 2014-12-14 14:54:22,398: Position of motif: 130
INFO: 2014-12-14 14:54:22,398: Position of motif: 94
INFO: 2014-12-14 14:54:22,398: Position of motif: 217
INFO: 2014-12-14 14:54:22,398: Position of motif: 101
INFO: 2014-12-14 14:54:22,399: Position of motif: 148
INFO: 2014-12-14 14:54:22,399: Position of motif: 77
INFO: 2014-12-14 14:54:22,399: Position of motif: 175
INFO: 2014-12-14 14:54:22,399: Position of motif: 64
INFO: 2014-12-14 14:54:22,399: Position of motif: 28
INFO: 2014-12-14 14:54:22,399: Position of motif: 260
INFO: 2014-12-14 14:54:22,399: Position of motif: 236
INFO: 2014-12-14 14:54:22,399: Position of motif: 233
INFO: 2014-12-14 14:54:22,399: Position of motif: 147
INFO: 2014-12-14 14:54:22,399: Position of motif: 154
INFO: 2014-12-14 14:54:22,399: Position of motif: 26
INFO: 2014-12-14 14:54:22,399: Position of motif: 49
INFO: 2014-12-14 14:54:22,399: Position of motif: 173
INFO: 2014-12-14 14:54:22,400: Position of motif: 140
INFO: 2014-12-14 14:54:22,400: Position of motif: 136
INFO: 2014-12-14 14:54:22,400: Position of motif: 105
INFO: 2014-12-14 14:54:22,400: Position of motif: 173
INFO: 2014-12-14 14:54:22,400: Position of motif: 3
INFO: 2014-12-14 14:54:22,400: Position of motif: 9
INFO: 2014-12-14 14:54:22,400: Position of motif: 131
INFO: 2014-12-14 14:54:22,400: Position of motif: 3
INFO: 2014-12-14 14:54:22,400: Position of motif: 49
INFO: 2014-12-14 14:54:22,400: Position of motif: 131
INFO: 2014-12-14 14:54:22,400: Position of motif: 168
INFO: 2014-12-14 14:54:22,400: Position of motif: 33
INFO: 2014-12-14 14:54:22,400: Position of motif: 107
INFO: 2014-12-14 14:54:22,400: Position of motif: 174
INFO: 2014-12-14 14:54:22,401: Position of motif: 88
INFO: 2014-12-14 14:54:22,401: Position of motif: 135
INFO: 2014-12-14 14:54:22,401: Position of motif: 48
INFO: 2014-12-14 14:54:22,401: Position of motif: 59
INFO: 2014-12-14 14:54:22,401: Position of motif: 21
INFO: 2014-12-14 14:54:22,401: Position of motif: 136
INFO: 2014-12-14 14:54:22,401: Position of motif: 95
INFO: 2014-12-14 14:54:22,401: Position of motif: 9
INFO: 2014-12-14 14:54:22,401: Position of motif: 78
INFO: 2014-12-14 14:54:22,401: Position of motif: 23
INFO: 2014-12-14 14:54:22,401: Position of motif: 44
INFO: 2014-12-14 14:54:22,401: Position of motif: 221
INFO: 2014-12-14 14:54:22,402: Position of motif: 180
INFO: 2014-12-14 14:54:22,402: Position of motif: 60
INFO: 2014-12-14 14:54:22,402: Position of motif: 82
INFO: 2014-12-14 14:54:22,402: Position of motif: 75
INFO: 2014-12-14 14:54:22,402: Position of motif: 31
INFO: 2014-12-14 14:54:22,402: Position of motif: 104
INFO: 2014-12-14 14:54:22,402: Position of motif: 16
INFO: 2014-12-14 14:54:22,402: Position of motif: 32
INFO: 2014-12-14 14:54:22,402: Position of motif: 58
INFO: 2014-12-14 14:54:22,402: Position of motif: 266
INFO: 2014-12-14 14:54:22,402: Position of motif: 69
INFO: 2014-12-14 14:54:22,402: Position of motif: 43
INFO: 2014-12-14 14:54:22,402: Position of motif: 26
INFO: 2014-12-14 14:54:22,403: Position of motif: 243
INFO: 2014-12-14 14:54:22,403: Position of motif: 196
INFO: 2014-12-14 14:54:22,403: Position of motif: 201
INFO: 2014-12-14 14:54:22,403: Position of motif: 141
INFO: 2014-12-14 14:54:22,403: Position of motif: 21
INFO: 2014-12-14 14:54:22,403: Position of motif: 210
INFO: 2014-12-14 14:54:22,403: Position of motif: 100
INFO: 2014-12-14 14:54:22,403: Position of motif: 100
INFO: 2014-12-14 14:54:22,403: Position of motif: 90
INFO: 2014-12-14 14:54:22,403: Position of motif: 141
INFO: 2014-12-14 14:54:22,403: Position of motif: 129
INFO: 2014-12-14 14:54:22,403: Position of motif: 24
INFO: 2014-12-14 14:54:22,403: Position of motif: 191
INFO: 2014-12-14 14:54:22,404: Position of motif: 204
INFO: 2014-12-14 14:54:22,404: Position of motif: 53
INFO: 2014-12-14 14:54:22,404: Position of motif: 158
INFO: 2014-12-14 14:54:22,404: Position of motif: 126
INFO: 2014-12-14 14:54:22,404: Position of motif: 145
INFO: 2014-12-14 14:54:22,404: Position of motif: 131
INFO: 2014-12-14 14:54:22,404: Position of motif: 212
INFO: 2014-12-14 14:54:22,404: Position of motif: 32
INFO: 2014-12-14 14:54:22,404: Position of motif: 239
INFO: 2014-12-14 14:54:22,404: Position of motif: 138
INFO: 2014-12-14 14:54:22,404: Position of motif: 24
INFO: 2014-12-14 14:54:22,404: Position of motif: 121
INFO: 2014-12-14 14:54:22,404: Position of motif: 108
INFO: 2014-12-14 14:54:22,405: Position of motif: 23
INFO: 2014-12-14 14:54:22,405: Position of motif: 162
INFO: 2014-12-14 14:54:22,405: Position of motif: 9
INFO: 2014-12-14 14:54:22,405: Position of motif: 165
INFO: 2014-12-14 14:54:22,405: Position of motif: 64
INFO: 2014-12-14 14:54:22,405: Position of motif: 129
INFO: 2014-12-14 14:54:22,405: Position of motif: 218
INFO: 2014-12-14 14:54:22,405: Position of motif: 163
INFO: 2014-12-14 14:54:22,405: Position of motif: 245
INFO: 2014-12-14 14:54:22,405: Position of motif: 40
INFO: 2014-12-14 14:54:22,405: Position of motif: 10
INFO: 2014-12-14 14:54:22,405: Position of motif: 181
INFO: 2014-12-14 14:54:22,405: Position of motif: 90
INFO: 2014-12-14 14:54:22,405: Position of motif: 147
INFO: 2014-12-14 14:54:22,406: Position of motif: 105
INFO: 2014-12-14 14:54:22,406: Position of motif: 191
INFO: 2014-12-14 14:54:22,406: Position of motif: 109
INFO: 2014-12-14 14:54:22,406: Position of motif: 233
INFO: 2014-12-14 14:54:22,406: Position of motif: 67
INFO: 2014-12-14 14:54:22,406: Position of motif: 122
INFO: 2014-12-14 14:54:22,406: Position of motif: 184
INFO: 2014-12-14 14:54:22,406: Position of motif: 212
INFO: 2014-12-14 14:54:22,406: Position of motif: 68
INFO: 2014-12-14 14:54:22,406: Position of motif: 270
INFO: 2014-12-14 14:54:22,406: Position of motif: 23
INFO: 2014-12-14 14:54:22,406: Position of motif: 5
INFO: 2014-12-14 14:54:22,406: Position of motif: 117
INFO: 2014-12-14 14:54:22,407: Position of motif: 54
INFO: 2014-12-14 14:54:22,407: Position of motif: 148
INFO: 2014-12-14 14:54:22,407: Position of motif: 179
INFO: 2014-12-14 14:54:22,407: Position of motif: 249
INFO: 2014-12-14 14:54:22,407: Position of motif: 101
INFO: 2014-12-14 14:54:22,407: Position of motif: 172
INFO: 2014-12-14 14:54:22,407: Position of motif: 259
INFO: 2014-12-14 14:54:22,407: Position of motif: 62
INFO: 2014-12-14 14:54:22,407: Position of motif: 192
INFO: 2014-12-14 14:54:22,407: Position of motif: 192
INFO: 2014-12-14 14:54:22,407: Position of motif: 34
INFO: 2014-12-14 14:54:22,407: Position of motif: 244
INFO: 2014-12-14 14:54:22,407: Position of motif: 175
INFO: 2014-12-14 14:54:22,408: Position of motif: 7
INFO: 2014-12-14 14:54:22,408: Position of motif: 159
INFO: 2014-12-14 14:54:22,408: Position of motif: 10
INFO: 2014-12-14 14:54:22,408: Position of motif: 35
INFO: 2014-12-14 14:54:22,408: Position of motif: 180
INFO: 2014-12-14 14:54:22,408: Position of motif: 53
INFO: 2014-12-14 14:54:22,408: Position of motif: 29
INFO: 2014-12-14 14:54:22,408: Position of motif: 41
INFO: 2014-12-14 14:54:22,408: Position of motif: 197
INFO: 2014-12-14 14:54:22,408: Position of motif: 147
INFO: 2014-12-14 14:54:22,408: Position of motif: 81
INFO: 2014-12-14 14:54:22,408: Position of motif: 41
INFO: 2014-12-14 14:54:22,408: Position of motif: 114
INFO: 2014-12-14 14:54:22,408: Position of motif: 110
INFO: 2014-12-14 14:54:22,409: Position of motif: 158
INFO: 2014-12-14 14:54:22,409: Position of motif: 272
INFO: 2014-12-14 14:54:22,409: Position of motif: 147
INFO: 2014-12-14 14:54:22,409: Position of motif: 157
INFO: 2014-12-14 14:54:22,409: Position of motif: 103
INFO: 2014-12-14 14:54:22,409: Position of motif: 117
INFO: 2014-12-14 14:54:22,409: Position of motif: 134
INFO: 2014-12-14 14:54:22,409: Position of motif: 130
INFO: 2014-12-14 14:54:22,409: Position of motif: 164
INFO: 2014-12-14 14:54:22,409: Position of motif: 229
INFO: 2014-12-14 14:54:22,409: Position of motif: 1
INFO: 2014-12-14 14:54:22,409: Position of motif: 190
INFO: 2014-12-14 14:54:22,410: Position of motif: 92
INFO: 2014-12-14 14:54:22,410: Position of motif: 135
INFO: 2014-12-14 14:54:22,410: Position of motif: 31
INFO: 2014-12-14 14:54:22,410: Position of motif: 219
INFO: 2014-12-14 14:54:22,410: Position of motif: 122
INFO: 2014-12-14 14:54:22,410: Position of motif: 47
INFO: 2014-12-14 14:54:22,410: Position of motif: 36
INFO: 2014-12-14 14:54:22,410: Position of motif: 218
INFO: 2014-12-14 14:54:22,410: Position of motif: 216
INFO: 2014-12-14 14:54:22,410: Position of motif: 265
INFO: 2014-12-14 14:54:22,410: Position of motif: 93
INFO: 2014-12-14 14:54:22,410: Position of motif: 265
INFO: 2014-12-14 14:54:22,410: Position of motif: 111
INFO: 2014-12-14 14:54:22,411: Position of motif: 193
INFO: 2014-12-14 14:54:22,411: Position of motif: 251
INFO: 2014-12-14 14:54:22,411: Position of motif: 165
INFO: 2014-12-14 14:54:22,411: Position of motif: 201
INFO: 2014-12-14 14:54:22,411: Position of motif: 108
INFO: 2014-12-14 14:54:22,411: Position of motif: 72
INFO: 2014-12-14 14:54:22,411: Position of motif: 32
INFO: 2014-12-14 14:54:22,411: Position of motif: 118
INFO: 2014-12-14 14:54:22,411: Position of motif: 125
INFO: 2014-12-14 14:54:22,411: Position of motif: 86
INFO: 2014-12-14 14:54:22,411: Position of motif: 110
INFO: 2014-12-14 14:54:22,411: Position of motif: 31
INFO: 2014-12-14 14:54:22,411: Position of motif: 184
INFO: 2014-12-14 14:54:22,412: Position of motif: 174
INFO: 2014-12-14 14:54:22,412: Position of motif: 107
INFO: 2014-12-14 14:54:22,412: Position of motif: 148
INFO: 2014-12-14 14:54:22,412: Position of motif: 115
INFO: 2014-12-14 14:54:22,412: Position of motif: 159
INFO: 2014-12-14 14:54:22,412: Position of motif: 112
INFO: 2014-12-14 14:54:22,412: Position of motif: 91
INFO: 2014-12-14 14:54:22,412: Position of motif: 236
INFO: 2014-12-14 14:54:22,412: Position of motif: 172
INFO: 2014-12-14 14:54:22,412: Position of motif: 35
INFO: 2014-12-14 14:54:22,412: Position of motif: 55
INFO: 2014-12-14 14:54:22,412: Position of motif: 117
INFO: 2014-12-14 14:54:22,412: Position of motif: 176
INFO: 2014-12-14 14:54:22,413: Position of motif: 181
INFO: 2014-12-14 14:54:22,413: Position of motif: 134
INFO: 2014-12-14 14:54:22,413: Position of motif: 147
INFO: 2014-12-14 14:54:22,413: Position of motif: 141
INFO: 2014-12-14 14:54:22,413: Position of motif: 81
INFO: 2014-12-14 14:54:22,413: Position of motif: 80
INFO: 2014-12-14 14:54:22,413: Position of motif: 201
INFO: 2014-12-14 14:54:22,413: Position of motif: 42
INFO: 2014-12-14 14:54:22,413: Position of motif: 175
INFO: 2014-12-14 14:54:22,413: Position of motif: 58
INFO: 2014-12-14 14:54:22,413: Position of motif: 3
INFO: 2014-12-14 14:54:22,413: Position of motif: 174
INFO: 2014-12-14 14:54:22,413: Position of motif: 146
INFO: 2014-12-14 14:54:22,414: Position of motif: 200
INFO: 2014-12-14 14:54:22,414: Position of motif: 10
INFO: 2014-12-14 14:54:22,414: Position of motif: 48
INFO: 2014-12-14 14:54:22,414: Position of motif: 228
INFO: 2014-12-14 14:54:22,414: Position of motif: 27
INFO: 2014-12-14 14:54:22,414: Position of motif: 95
INFO: 2014-12-14 14:54:22,414: Position of motif: 92
INFO: 2014-12-14 14:54:22,414: Position of motif: 130
INFO: 2014-12-14 14:54:22,414: Position of motif: 38
INFO: 2014-12-14 14:54:22,414: Position of motif: 186
INFO: 2014-12-14 14:54:22,414: Position of motif: 199
INFO: 2014-12-14 14:54:22,414: Position of motif: 126
INFO: 2014-12-14 14:54:22,414: Position of motif: 153
INFO: 2014-12-14 14:54:22,415: Position of motif: 64
INFO: 2014-12-14 14:54:22,415: Position of motif: 19
INFO: 2014-12-14 14:54:22,415: Position of motif: 229
INFO: 2014-12-14 14:54:22,415: Position of motif: 76
INFO: 2014-12-14 14:54:22,415: Position of motif: 72
INFO: 2014-12-14 14:54:22,415: Position of motif: 149
INFO: 2014-12-14 14:54:22,415: Position of motif: 168
INFO: 2014-12-14 14:54:22,415: Position of motif: 163
INFO: 2014-12-14 14:54:22,415: Position of motif: 87
INFO: 2014-12-14 14:54:22,415: Position of motif: 107
INFO: 2014-12-14 14:54:22,415: Position of motif: 64
INFO: 2014-12-14 14:54:22,415: Position of motif: 129
INFO: 2014-12-14 14:54:22,415: Position of motif: 181
INFO: 2014-12-14 14:54:22,415: Position of motif: 199
INFO: 2014-12-14 14:54:22,416: Position of motif: 86
INFO: 2014-12-14 14:54:22,416: Position of motif: 227
INFO: 2014-12-14 14:54:22,416: Position of motif: 18
INFO: 2014-12-14 14:54:22,416: Position of motif: 191
INFO: 2014-12-14 14:54:22,416: Position of motif: 147
INFO: 2014-12-14 14:54:22,416: Position of motif: 127
INFO: 2014-12-14 14:54:22,416: Position of motif: 151
INFO: 2014-12-14 14:54:22,416: Position of motif: 209
INFO: 2014-12-14 14:54:22,416: Position of motif: 67
INFO: 2014-12-14 14:54:22,416: Position of motif: 4
INFO: 2014-12-14 14:54:22,416: Position of motif: 103
INFO: 2014-12-14 14:54:22,416: Position of motif: 215
INFO: 2014-12-14 14:54:22,416: Position of motif: 109
INFO: 2014-12-14 14:54:22,417: Position of motif: 46
INFO: 2014-12-14 14:54:22,417: Position of motif: 136
INFO: 2014-12-14 14:54:22,417: Position of motif: 89
INFO: 2014-12-14 14:54:22,417: Position of motif: 80
INFO: 2014-12-14 14:54:22,417: Position of motif: 196
INFO: 2014-12-14 14:54:22,417: Position of motif: 77
INFO: 2014-12-14 14:54:22,417: Position of motif: 49
INFO: 2014-12-14 14:54:22,417: Position of motif: 68
INFO: 2014-12-14 14:54:22,417: Position of motif: 175
INFO: 2014-12-14 14:54:22,417: Position of motif: 176
INFO: 2014-12-14 14:54:22,417: Position of motif: 238
INFO: 2014-12-14 14:54:22,417: Position of motif: 183
INFO: 2014-12-14 14:54:22,417: Position of motif: 243
INFO: 2014-12-14 14:54:22,418: Position of motif: 9
INFO: 2014-12-14 14:54:22,418: Position of motif: 3
INFO: 2014-12-14 14:54:22,418: Position of motif: 138
INFO: 2014-12-14 14:54:22,418: Position of motif: 12
INFO: 2014-12-14 14:54:22,418: Position of motif: 41
INFO: 2014-12-14 14:54:22,418: Position of motif: 126
INFO: 2014-12-14 14:54:22,418: Position of motif: 125
INFO: 2014-12-14 14:54:22,418: Position of motif: 37
INFO: 2014-12-14 14:54:22,418: Position of motif: 75
INFO: 2014-12-14 14:54:22,418: Position of motif: 160
INFO: 2014-12-14 14:54:22,418: Position of motif: 51
INFO: 2014-12-14 14:54:22,418: Position of motif: 117
INFO: 2014-12-14 14:54:22,418: Position of motif: 125
INFO: 2014-12-14 14:54:22,418: Position of motif: 13
INFO: 2014-12-14 14:54:22,419: Position of motif: 44
INFO: 2014-12-14 14:54:22,419: Position of motif: 53
INFO: 2014-12-14 14:54:22,419: Position of motif: 68
INFO: 2014-12-14 14:54:22,419: Position of motif: 195
INFO: 2014-12-14 14:54:22,419: Position of motif: 116
INFO: 2014-12-14 14:54:22,419: Position of motif: 125
INFO: 2014-12-14 14:54:22,419: Position of motif: 49
INFO: 2014-12-14 14:54:22,419: Position of motif: 154
INFO: 2014-12-14 14:54:22,419: Position of motif: 21
INFO: 2014-12-14 14:54:22,419: Position of motif: 187
INFO: 2014-12-14 14:54:22,419: Position of motif: 167
INFO: 2014-12-14 14:54:22,419: Position of motif: 201
INFO: 2014-12-14 14:54:22,419: Position of motif: 32
INFO: 2014-12-14 14:54:22,420: Position of motif: 222
INFO: 2014-12-14 14:54:22,420: Position of motif: 102
INFO: 2014-12-14 14:54:22,420: Position of motif: 213
INFO: 2014-12-14 14:54:22,420: Position of motif: 83
INFO: 2014-12-14 14:54:22,420: Position of motif: 77
INFO: 2014-12-14 14:54:22,420: Position of motif: 2
INFO: 2014-12-14 14:54:22,420: Position of motif: 42
INFO: 2014-12-14 14:54:22,420: Position of motif: 47
INFO: 2014-12-14 14:54:22,420: Position of motif: 81
INFO: 2014-12-14 14:54:22,420: Position of motif: 136
INFO: 2014-12-14 14:54:22,420: Position of motif: 48
INFO: 2014-12-14 14:54:22,420: Position of motif: 137
INFO: 2014-12-14 14:54:22,420: Position of motif: 203
INFO: 2014-12-14 14:54:22,420: Position of motif: 85
INFO: 2014-12-14 14:54:22,421: Position of motif: 194
INFO: 2014-12-14 14:54:22,421: Position of motif: 58
INFO: 2014-12-14 14:54:22,421: Position of motif: 102
INFO: 2014-12-14 14:54:22,421: Position of motif: 129
INFO: 2014-12-14 14:54:22,421: Position of motif: 11
INFO: 2014-12-14 14:54:22,421: Position of motif: 180
INFO: 2014-12-14 14:54:22,421: Position of motif: 96
INFO: 2014-12-14 14:54:22,421: Position of motif: 18
INFO: 2014-12-14 14:54:22,421: Position of motif: 55
INFO: 2014-12-14 14:54:22,421: Position of motif: 7
INFO: 2014-12-14 14:54:22,421: Position of motif: 50
INFO: 2014-12-14 14:54:22,421: Position of motif: 190
INFO: 2014-12-14 14:54:22,421: Position of motif: 202
INFO: 2014-12-14 14:54:22,422: Position of motif: 95
INFO: 2014-12-14 14:54:22,498: Total number of mutations is 49816
INFO: 2014-12-14 14:54:22,526: Evaluated motif G*TTCATATTCGAA*CCTTC
INFO: 2014-12-14 14:54:22,526: Log likelihood is 29.95828359391142
INFO: 2014-12-14 14:54:23,640: Count of A's is 61608
INFO: 2014-12-14 14:54:23,640: Count of C's is 62975
INFO: 2014-12-14 14:54:23,640: Count of G's is 60470
INFO: 2014-12-14 14:54:23,641: Count of T's is 63558
INFO: 2014-12-14 14:54:23,641: Total nucleotide count is 248611
INFO: 2014-12-14 14:54:23,641: Probability of A is 0.24780882583634675
INFO: 2014-12-14 14:54:23,641: Probability of C is 0.25330737577983276
INFO: 2014-12-14 14:54:23,641: Probability of G is 0.24323139362296922
INFO: 2014-12-14 14:54:23,641: Probability of T is 0.25565240476085127
